#[2009-01-27T14:56:24] *** starting ***
-[2009-01-27T14:58:20] *** Locked Screen ***
+[2009-01-27T14:58:27] *** Unlocked Screen ***
-[2009-01-27T15:59:47] *** Locked Screen ***
+[2009-01-28T07:14:00] *** Unlocked Screen ***
-[2009-01-28T08:46:06] *** Locked Screen ***
+[2009-01-28T08:46:24] *** Unlocked Screen ***
-[2009-01-28T09:42:45] *** Locked Screen ***
+[2009-01-28T10:00:03] *** Unlocked Screen ***
-[2009-01-28T11:17:45] *** Locked Screen ***
+[2009-01-28T11:27:32] *** Unlocked Screen ***
-[2009-01-28T15:59:53] *** Locked Screen ***
+[2009-01-29T07:01:30] *** Unlocked Screen ***
-[2009-01-29T08:19:24] *** Locked Screen ***
+[2009-01-29T08:45:07] *** Unlocked Screen ***
-[2009-01-29T12:17:54] *** Locked Screen ***
+[2009-01-29T12:26:23] *** Unlocked Screen ***
-[2009-01-29T12:44:30] *** Locked Screen ***
+[2009-01-29T12:45:54] *** Unlocked Screen ***
-[2009-01-29T14:47:36] *** Locked Screen ***
+[2009-01-29T14:48:32] *** Unlocked Screen ***
-[2009-01-29T16:00:55] *** Locked Screen ***
+[2009-01-30T07:00:19] *** Unlocked Screen ***
-[2009-01-30T07:59:21] *** Locked Screen ***
+[2009-01-30T07:59:53] *** Unlocked Screen ***
-[2009-01-30T08:08:24] *** Locked Screen ***
+[2009-01-30T08:40:34] *** Unlocked Screen ***
-[2009-01-30T10:10:58] *** Locked Screen ***
+[2009-01-30T10:21:15] *** Unlocked Screen ***
-[2009-01-30T11:16:37] *** Locked Screen ***
+[2009-01-30T11:27:46] *** Unlocked Screen ***
-[2009-01-30T15:10:11] *** Locked Screen ***
+[2009-01-30T15:11:58] *** Unlocked Screen ***
-[2009-01-30T15:41:22] *** Locked Screen ***
+[2009-01-30T15:46:41] *** Unlocked Screen ***
-[2009-01-30T16:17:13] *** Locked Screen ***
+[2009-02-02T08:28:17] *** Unlocked Screen ***
-[2009-02-02T08:57:48] *** Locked Screen ***
+[2009-02-02T09:21:46] *** Unlocked Screen ***
-[2009-02-02T12:53:16] *** Locked Screen ***
+[2009-02-02T13:50:48] *** Unlocked Screen ***
-[2009-02-02T15:55:50] *** Locked Screen ***
+[2009-02-03T07:23:58] *** Unlocked Screen ***
-[2009-02-03T09:05:00] *** Locked Screen ***
+[2009-02-03T09:41:58] *** Unlocked Screen ***
-[2009-02-03T10:57:46] *** Locked Screen ***
+[2009-02-03T10:59:14] *** Unlocked Screen ***
-[2009-02-03T13:27:17] *** Locked Screen ***
+[2009-02-03T13:31:54] *** Unlocked Screen ***
-[2009-02-03T16:24:14] *** Locked Screen ***
+[2009-02-04T07:11:59] *** Unlocked Screen ***
-[2009-02-04T08:39:31] *** Locked Screen ***
+[2009-02-04T09:10:48] *** Unlocked Screen ***
-[2009-02-04T09:51:50] *** Locked Screen ***
+[2009-02-04T09:51:53] *** Unlocked Screen ***
-[2009-02-04T16:03:19] *** Locked Screen ***
+[2009-02-05T07:12:42] *** Unlocked Screen ***
-[2009-02-05T08:21:18] *** Locked Screen ***
+[2009-02-05T08:56:57] *** Unlocked Screen ***
-[2009-02-05T10:35:02] *** Locked Screen ***
+[2009-02-05T10:47:06] *** Unlocked Screen ***
-[2009-02-05T16:15:41] *** Locked Screen ***
+[2009-02-05T16:16:09] *** Unlocked Screen ***
-[2009-02-05T16:26:14] *** Locked Screen ***
+[2009-02-06T07:18:41] *** Unlocked Screen ***
-[2009-02-06T12:29:42] *** Locked Screen ***
+[2009-02-06T12:31:25] *** Unlocked Screen ***
-[2009-02-06T13:06:15] *** Locked Screen ***
+[2009-02-06T13:08:58] *** Unlocked Screen ***
-[2009-02-06T13:13:58] *** Locked Screen ***
+[2009-02-06T13:16:19] *** Unlocked Screen ***
-[2009-02-06T14:38:21] *** Locked Screen ***
+[2009-02-06T14:55:12] *** Unlocked Screen ***
-[2009-02-06T17:00:42] *** Locked Screen ***
+[2009-02-09T07:17:09] *** Unlocked Screen ***
-[2009-02-09T08:41:45] *** Locked Screen ***
+[2009-02-09T09:02:10] *** Unlocked Screen ***
-[2009-02-09T13:21:38] *** Locked Screen ***
+[2009-02-09T13:25:05] *** Unlocked Screen ***
-[2009-02-09T13:30:05] *** Locked Screen ***
+[2009-02-09T13:30:50] *** Unlocked Screen ***
-[2009-02-09T14:15:26] *** Locked Screen ***
+[2009-02-09T14:18:53] *** Unlocked Screen ***
-[2009-02-09T14:23:53] *** Locked Screen ***
+[2009-02-09T14:45:11] *** Unlocked Screen ***
-[2009-02-09T17:04:24] *** Locked Screen ***
+[2009-02-10T07:55:15] *** Unlocked Screen ***
-[2009-02-10T08:58:49] *** Locked Screen ***
+[2009-02-10T09:00:19] *** Unlocked Screen ***
-[2009-02-10T09:05:19] *** Locked Screen ***
+[2009-02-10T09:30:26] *** Unlocked Screen ***
-[2009-02-10T11:33:25] *** Locked Screen ***
+[2009-02-10T11:41:12] *** Unlocked Screen ***
#[2009-02-10T14:50:57] *** starting ***
-[2009-02-10T16:56:54] *** Locked Screen ***
+[2009-02-11T07:13:15] *** Unlocked Screen ***
-[2009-02-11T09:14:43] *** Locked Screen ***
+[2009-02-11T09:22:04] *** Unlocked Screen ***
-[2009-02-11T09:27:04] *** Locked Screen ***
+[2009-02-11T09:35:19] *** Unlocked Screen ***
-[2009-02-11T12:01:14] *** Locked Screen ***
+[2009-02-11T12:26:24] *** Unlocked Screen ***
-[2009-02-11T12:31:24] *** Locked Screen ***
+[2009-02-11T12:37:00] *** Unlocked Screen ***
-[2009-02-11T16:21:52] *** Locked Screen ***
+[2009-02-12T07:02:57] *** Unlocked Screen ***
-[2009-02-12T09:12:19] *** Locked Screen ***
+[2009-02-12T09:15:40] *** Unlocked Screen ***
-[2009-02-12T09:20:40] *** Locked Screen ***
+[2009-02-12T09:24:46] *** Unlocked Screen ***
-[2009-02-12T10:17:46] *** Locked Screen ***
+[2009-02-12T10:18:37] *** Unlocked Screen ***
-[2009-02-12T11:57:06] *** Locked Screen ***
+[2009-02-12T12:15:43] *** Unlocked Screen ***
-[2009-02-12T14:08:32] *** Locked Screen ***
+[2009-02-12T14:09:34] *** Unlocked Screen ***
-[2009-02-12T14:20:15] *** Locked Screen ***
+[2009-02-12T14:24:36] *** Unlocked Screen ***
-[2009-02-12T16:44:25] *** Locked Screen ***
+[2009-02-13T07:15:00] *** Unlocked Screen ***
-[2009-02-13T09:11:24] *** Locked Screen ***
+[2009-02-13T09:27:37] *** Unlocked Screen ***
-[2009-02-13T12:37:41] *** Locked Screen ***
+[2009-02-13T12:39:57] *** Unlocked Screen ***
-[2009-02-13T13:42:13] *** Locked Screen ***
+[2009-02-13T13:45:09] *** Unlocked Screen ***
-[2009-02-13T13:50:13] *** Locked Screen ***
+[2009-02-13T14:01:11] *** Unlocked Screen ***
-[2009-02-13T14:06:12] *** Locked Screen ***
+[2009-02-13T14:41:06] *** Unlocked Screen ***
-[2009-02-13T15:40:11] *** Locked Screen ***
+[2009-02-16T07:32:22] *** Unlocked Screen ***
-[2009-02-16T09:33:45] *** Locked Screen ***
+[2009-02-16T10:55:23] *** Unlocked Screen ***
-[2009-02-16T11:19:00] *** Locked Screen ***
+[2009-02-16T11:26:03] *** Unlocked Screen ***
-[2009-02-16T12:02:14] *** Locked Screen ***
+[2009-02-16T12:10:24] *** Unlocked Screen ***
-[2009-02-16T14:35:51] *** Locked Screen ***
+[2009-02-16T14:39:40] *** Unlocked Screen ***
-[2009-02-16T16:07:45] *** Locked Screen ***
+[2009-02-17T07:06:17] *** Unlocked Screen ***
-[2009-02-17T08:31:28] *** Locked Screen ***
+[2009-02-17T09:00:13] *** Unlocked Screen ***
-[2009-02-17T13:35:55] *** Locked Screen ***
+[2009-02-17T13:42:15] *** Unlocked Screen ***
-[2009-02-17T14:38:24] *** Locked Screen ***
+[2009-02-17T14:43:00] *** Unlocked Screen ***
-[2009-02-17T15:16:30] *** Locked Screen ***
+[2009-02-17T15:27:30] *** Unlocked Screen ***
-[2009-02-17T17:16:18] *** Locked Screen ***
+[2009-02-18T07:33:38] *** Unlocked Screen ***
-[2009-02-18T09:11:39] *** Locked Screen ***
+[2009-02-18T09:28:36] *** Unlocked Screen ***
-[2009-02-18T14:13:01] *** Locked Screen ***
+[2009-02-18T14:13:06] *** Unlocked Screen ***
-[2009-02-18T14:20:22] *** Locked Screen ***
+[2009-02-19T07:22:22] *** Unlocked Screen ***
-[2009-02-19T09:16:07] *** Locked Screen ***
+[2009-02-19T09:35:18] *** Unlocked Screen ***
-[2009-02-19T09:52:37] *** Locked Screen ***
+[2009-02-19T09:55:39] *** Unlocked Screen ***
-[2009-02-19T14:43:36] *** Locked Screen ***
+[2009-02-19T14:57:51] *** Unlocked Screen ***
-[2009-02-19T16:16:04] *** Locked Screen ***
+[2009-02-20T07:41:27] *** Unlocked Screen ***
-[2009-02-20T09:18:57] *** Locked Screen ***
+[2009-02-20T09:37:07] *** Unlocked Screen ***
-[2009-02-20T09:39:24] *** Locked Screen ***
+[2009-02-20T09:39:35] *** Unlocked Screen ***
-[2009-02-20T11:10:44] *** Locked Screen ***
+[2009-02-20T11:10:48] *** Unlocked Screen ***
-[2009-02-20T12:14:48] *** Locked Screen ***
+[2009-02-20T12:14:52] *** Unlocked Screen ***
-[2009-02-20T14:47:01] *** Locked Screen ***
+[2009-02-20T14:47:06] *** Unlocked Screen ***
-[2009-02-20T15:29:31] *** Locked Screen ***
+[2009-02-23T08:22:30] *** Unlocked Screen ***
-[2009-02-23T08:27:53] *** Locked Screen ***
+[2009-02-23T08:30:13] *** Unlocked Screen ***
-[2009-02-23T08:39:12] *** Locked Screen ***
+[2009-02-23T08:43:36] *** Unlocked Screen ***
-[2009-02-23T12:08:57] *** Locked Screen ***
+[2009-02-23T12:09:02] *** Unlocked Screen ***
-[2009-02-23T13:02:35] *** Locked Screen ***
+[2009-02-23T13:02:40] *** Unlocked Screen ***
-[2009-02-23T13:20:04] *** Locked Screen ***
+[2009-02-23T13:26:16] *** Unlocked Screen ***
#[2009-02-23T14:22:28] *** starting ***
-[2009-02-23T14:22:33] *** Locked Screen ***
+[2009-02-23T14:22:37] *** Unlocked Screen ***
#[2009-02-23T14:23:48] *** starting ***
#[2009-02-23T14:35:38] *** starting ***
-[2009-02-23T16:34:27] *** Locked Screen ***
+[2009-02-24T07:20:29] *** Unlocked Screen ***
-[2009-02-24T16:14:20] *** Locked Screen ***
+[2009-02-25T07:20:05] *** Unlocked Screen ***
-[2009-02-25T16:06:48] *** Locked Screen ***
+[2009-02-26T07:37:02] *** Unlocked Screen ***
-[2009-02-26T16:43:12] *** Locked Screen ***
+[2009-02-27T07:14:24] *** Unlocked Screen ***
-[2009-02-27T15:07:21] *** Locked Screen ***
+[2009-03-02T08:05:56] *** Unlocked Screen ***
-[2009-03-02T16:04:12] *** Locked Screen ***
+[2009-03-03T07:12:06] *** Unlocked Screen ***
-[2009-03-03T11:07:46] *** Locked Screen ***
+[2009-03-03T11:45:27] *** Unlocked Screen ***
-[2009-03-03T16:22:21] *** Locked Screen ***
+[2009-03-04T07:18:27] *** Unlocked Screen ***
-[2009-03-04T13:15:46] *** Locked Screen ***
+[2009-03-04T13:33:27] *** Unlocked Screen ***
-[2009-03-04T16:40:44] *** Locked Screen ***
+[2009-03-05T07:17:37] *** Unlocked Screen ***
-[2009-03-05T14:18:08] *** Locked Screen ***
+[2009-03-05T14:38:09] *** Unlocked Screen ***
-[2009-03-05T17:22:01] *** Locked Screen ***
+[2009-03-06T07:31:20] *** Unlocked Screen ***
-[2009-03-06T10:52:16] *** Locked Screen ***
+[2009-03-06T11:03:12] *** Unlocked Screen ***
#[2009-03-06T11:35:04] *** starting ***
-[2009-03-06T15:58:48] *** Locked Screen ***
+[2009-03-09T07:33:15] *** Unlocked Screen ***
-[2009-03-09T16:56:08] *** Locked Screen ***
+[2009-03-12T07:01:11] *** Unlocked Screen ***
#[2009-03-12T08:51:01] *** starting ***
#[2009-03-12T12:34:32] *** starting ***
#[2009-03-12T12:42:34] *** starting ***
#[2009-03-12T13:18:52] *** starting ***
#[2009-03-12T13:46:06] *** starting ***
#[2009-03-12T14:04:09] *** starting ***
#[2009-03-12T14:30:08] *** starting ***
#[2009-03-12T14:37:17] *** starting ***
#[2009-03-12T14:42:03] *** starting ***
-[2009-03-12T15:56:38] *** Locked Screen ***
#[2009-03-13T06:51:11] *** starting ***
+[2009-03-13T06:52:11] *** Unlocked Screen ***
-[2009-03-13T09:45:25] *** Locked Screen ***
+[2009-03-13T10:55:29] *** Unlocked Screen ***
-[2009-03-13T14:32:17] *** Locked Screen ***
+[2009-03-16T08:14:53] *** Unlocked Screen ***
-[2009-03-16T16:48:28] *** Locked Screen ***
+[2009-03-17T07:20:18] *** Unlocked Screen ***
-[2009-03-17T12:56:25] *** Locked Screen ***
+[2009-03-17T13:14:37] *** Unlocked Screen ***
-[2009-03-17T16:28:34] *** Locked Screen ***
+[2009-03-18T07:15:35] *** Unlocked Screen ***
-[2009-03-18T16:21:52] *** Locked Screen ***
+[2009-03-19T07:17:18] *** Unlocked Screen ***
-[2009-03-19T16:19:53] *** Locked Screen ***
+[2009-03-20T07:16:29] *** Unlocked Screen ***
-[2009-03-20T16:07:47] *** Locked Screen ***
+[2009-03-23T07:14:43] *** Unlocked Screen ***
-[2009-03-23T16:17:06] *** Locked Screen ***
+[2009-03-24T07:24:52] *** Unlocked Screen ***
#[2009-03-24T10:02:28] ***starting***
-[2009-03-24T10:02:39] ***out***
+[2009-03-24T10:02:48] ***in***
-[2009-03-24T16:04:29] ***out***
+[2009-03-25T07:34:29] ***in***
#[2009-03-25T15:30:59] ***starting***
-[2009-03-25T16:41:13] ***out***
+[2009-03-26T07:28:50] ***in***
-[2009-03-26T08:38:20] ***out***
+[2009-03-26T08:48:17] ***in***
-[2009-03-26T16:31:11] ***out***
+[2009-03-27T07:45:54] ***in***
-[2009-03-27T12:30:03] ***out***
+[2009-03-27T12:53:11] ***in***
-[2009-03-27T17:03:13] ***out***
#[2009-03-30T06:28:40] ***starting***
+[2009-03-30T07:09:54] ***in***
-[2009-03-30T16:10:03] ***out***
+[2009-03-31T08:08:25] ***in***
-[2009-03-31T17:00:25] ***out***
+[2009-04-01T08:30:25] ***in***
-[2009-04-01T15:05:25] ***out***
+[2009-04-01T15:36:25] ***in***
-[2009-04-01T17:08:25] ***out***
+[2009-04-02T08:59:25] ***in***
-[2009-04-02T17:15:25] ***out***
+[2009-04-03T08:25:25] ***in***
-[2009-04-03T17:37:16] ***out***
+[2009-04-06T08:03:20] ***in***
-[2009-04-06T16:55:52] ***out***
+[2009-04-07T08:49:51] ***in***
-[2009-04-07T17:06:00] ***out***
+[2009-04-08T08:20:04] ***in***
-[2009-04-08T17:07:33] ***out***
+[2009-04-09T08:51:36] ***in***
-[2009-04-09T13:41:04] ***out***
+[2009-04-09T14:09:46] ***in***
-[2009-04-09T18:00:04] ***out***
#[2009-04-20T09:06:50] ***starting***
+[2009-04-20T09:06:04] ***in***
-[2009-04-20T15:57:33] ***out***
+[2009-04-21T08:36:41] ***in***
-[2009-04-21T16:21:32] ***out***
+[2009-04-21T17:01:05] ***in***
-[2009-04-21T19:21:57] ***out***
+[2009-04-22T09:09:46] ***in***
-[2009-04-22T12:56:46] ***out***
+[2009-04-22T13:57:41] ***in***
#[2009-04-22T16:10:16] ***starting***
-[2009-04-22T19:16:25] ***out***
+[2009-04-23T08:54:34] ***in***
-[2009-04-23T10:07:30] ***out***
+[2009-04-23T10:19:12] ***in***
-[2009-04-23T18:16:15] ***out***
+[2009-04-24T09:06:24] ***in***
-[2009-04-24T11:13:54] ***out***
+[2009-04-24T11:25:31] ***in***
-[2009-04-24T19:37:40] ***out***
+[2009-04-27T09:02:45] ***in***
-[2009-04-27T10:38:18] ***out***
+[2009-04-27T10:45:44] ***in***
#[2009-04-27T10:49:31] ***starting***
-[2009-04-27T17:34:39] ***out***
+[2009-04-28T08:25:59] ***in***
-[2009-04-28T13:10:21] ***out***
+[2009-04-28T13:41:59] ***in***
-[2009-04-28T17:41:46] ***out***
+[2009-04-29T08:56:46] ***in***
#[2009-04-29T10:34:43] ***starting***
-[2009-04-29T13:04:58] ***out***
+[2009-04-29T14:12:36] ***in***
-[2009-04-29T18:53:25] ***out***
+[2009-04-30T08:57:04] ***in***
-[2009-04-30T17:17:09] ***out***
+[2009-05-04T09:09:27] ***in***
-[2009-05-04T13:27:25] ***out***
+[2009-05-04T13:38:57] ***in***
-[2009-05-04T18:06:15] ***out***
+[2009-05-05T09:33:16] ***in***
-[2009-05-05T17:41:48] ***out***
+[2009-05-06T09:09:00] ***in***
-[2009-05-06T17:54:00] ***out***
+[2009-05-11T09:12:00] ***in***
-[2009-05-11T17:58:33] ***out***
+[2009-05-12T09:19:30] ***in***
-[2009-05-12T18:11:02] ***out***
+[2009-05-13T08:20:24] ***in***
-[2009-05-13T12:30:21] ***out***
+[2009-05-13T13:30:24] ***in***
-[2009-05-13T18:10:21] ***out***
+[2009-05-14T09:09:24] ***in***
-[2009-05-14T17:55:12] ***out***
+[2009-05-15T09:00:13] ***in***
-[2009-05-15T17:59:57] ***out***
+[2009-05-18T08:48:36] ***in***
-[2009-05-18T17:21:03] ***out***
+[2009-05-19T09:07:51] ***in***
-[2009-05-19T12:58:40] ***out***
-[2009-05-19T18:21:29] ***out***
+[2009-05-20T08:59:49] ***in***
-[2009-05-20T18:00:57] ***out***
+[2009-05-22T08:37:43] ***in***
-[2009-05-22T10:05:30] ***out***
+[2009-05-22T14:33:30] ***in***
-[2009-05-22T17:05:30] ***out***
+[2009-05-25T08:44:37] ***in***
-[2009-05-25T15:45:56] ***out***
+[2009-05-25T16:02:10] ***in***
-[2009-05-25T17:53:39] ***out***
+[2009-05-26T08:43:27] ***in***
-[2009-05-26T17:36:12] ***out***
+[2009-05-27T08:16:03] ***in***
-[2009-05-27T12:51:04] ***out***
+[2009-05-27T13:53:32] ***in***
-[2009-05-27T18:09:36] ***out***
+[2009-05-28T08:09:35] ***in***
-[2009-05-28T18:45:36] ***out***
+[2009-05-29T07:50:35] ***in***
-[2009-05-29T16:13:56] ***out***
+[2009-05-29T16:29:52] ***in***
-[2009-05-29T19:30:04] ***out***
+[2009-06-02T08:06:10] ***in***
-[2009-06-02T17:00:10] ***out***
+[2009-06-03T08:28:10] ***in***
-[2009-06-03T17:20:10] ***out***
+[2009-06-04T08:55:10] ***in***
-[2009-06-04T17:34:44] ***out***
+[2009-06-05T08:36:05] ***in***
-[2009-06-05T17:32:07] ***out***
+[2009-06-08T08:45:04] ***in***
-[2009-06-08T17:21:49] ***out***
+[2009-06-09T09:13:55] ***in***
-[2009-06-09T17:04:03] ***out***
+[2009-06-10T09:08:10] ***in***
#[2009-06-10T09:27:01] ***starting***
-[2009-06-10T15:32:57] ***out***
+[2009-06-15T09:18:14] ***in***
-[2009-06-15T18:05:55] ***out***
+[2009-06-16T08:23:07] ***in***
#[2009-06-16T08:36:12] ***starting***
#[2009-06-16T08:47:20] ***starting***
-[2009-06-16T17:09:03] ***out***
+[2009-06-17T08:56:21] ***in***
-[2009-06-17T18:10:14] ***out***
+[2009-06-18T08:54:53] ***in***
-[2009-06-18T17:50:35] ***out***
+[2009-06-19T08:05:43] ***in***
-[2009-06-19T17:44:40] ***out***
+[2009-06-23T08:22:35] ***in***
-[2009-06-23T17:40:54] ***out***
+[2009-06-24T08:37:15] ***in***
-[2009-06-24T17:45:51] ***out***
+[2009-06-25T09:18:52] ***in***
-[2009-06-25T18:07:58] ***out***
+[2009-06-26T08:34:57] ***in***
-[2009-06-26T17:34:12] ***out***
+[2009-06-29T08:22:00] ***in***
-[2009-06-29T17:18:54] ***out***
+[2009-06-30T08:56:08] ***in***
-[2009-06-30T18:08:58] ***out***
+[2009-07-01T09:06:26] ***in***
-[2009-07-01T14:08:36] ***out***
+[2009-07-01T14:35:23] ***in***
-[2009-07-01T17:55:34] ***out***
+[2009-07-02T09:04:51] ***in***
-[2009-07-02T18:28:53] ***out***
+[2009-07-03T09:05:30] ***in***
#[2009-07-03T10:23:49] ***starting***
-[2009-07-03T14:20:53]
+[2009-07-03T14:55:53]
-[2009-07-03T17:19:19] ***out***
+[2009-07-13T08:08:00] ***in***
-[2009-07-13T17:08:02] ***out***
+[2009-07-14T08:02:19] ***in***
-[2009-07-14T17:08:31] ***out***
+[2009-07-15T08:06:03] ***in***
-[2009-07-15T18:12:02] ***out***
+[2009-07-16T08:01:06] ***in***
-[2009-07-16T18:17:47] ***out***
+[2009-07-17T08:43:34] ***in***
-[2009-07-17T15:04:19] ***out***
+[2009-07-20T08:04:25] ***in***
-[2009-07-20T18:26:57] ***out***
+[2009-07-21T08:18:37] ***in***
-[2009-07-21T19:05:30] ***out***
+[2009-07-22T08:17:46] ***in***
-[2009-07-22T18:06:58] ***out***
+[2009-07-23T08:34:31] ***in***
-[2009-07-23T16:14:20] ***out***
+[2009-07-24T08:52:51] ***in***
-[2009-07-24T18:06:55] ***out***
+[2009-07-27T08:35:18] ***in***
-[2009-07-27T16:27:47] ***out***
+[2009-07-28T08:05:07] ***in***
-[2009-07-28T17:17:45] ***out***
+[2009-07-29T08:19:00] ***in***
-[2009-07-29T16:04:35] ***out***
+[2009-07-30T08:50:51] ***in***
-[2009-07-30T17:03:40] ***out***
+[2009-07-31T08:17:04] ***in***
-[2009-07-31T16:59:27] ***out***
+[2009-08-03T08:38:33] ***in***
-[2009-08-03T18:28:26] ***out***
+[2009-08-04T09:40:30] ***in***
-[2009-08-04T18:00:34] ***out***
+[2009-08-05T08:02:49] ***in***
-[2009-08-05T17:03:41] ***out***
+[2009-08-06T08:35:43] ***in***
-[2009-08-06T18:19:55] ***out***
+[2009-08-07T08:24:40] ***in***
-[2009-08-07T17:05:57] ***out***
+[2009-08-10T10:23:19] ***in***
-[2009-08-10T17:46:59] ***out***
+[2009-08-11T08:07:14] ***in***
-[2009-08-11T11:20:56] ***out***
+[2009-08-11T11:42:21] ***in***
-[2009-08-11T17:34:12] ***out***
+[2009-08-12T08:17:55] ***in***
-[2009-08-12T10:30:12] ***out***
+[2009-08-12T10:50:55] ***in***
-[2009-08-12T17:19:03] ***out***
+[2009-08-13T08:52:52] ***in***
-[2009-08-13T18:41:40] ***out***
+[2009-08-17T09:18:38] ***in***
-[2009-08-17T11:47:39] ***out***
+[2009-08-17T11:58:34] ***in***
-[2009-08-17T17:16:04] ***out***
+[2009-08-18T08:49:40] ***in***
-[2009-08-18T15:00:50] ***out***
+[2009-08-18T15:45:40] ***in***
-[2009-08-18T18:03:50] ***out***
+[2009-08-19T08:17:18] ***in***
-[2009-08-19T15:03:50] ***out***
+[2009-08-19T15:40:18] ***in***#[2009-08-19T16:21:26] ***starting***
-[2009-08-19T17:29:35] ***out***
+[2009-08-21T08:37:44] ***in***
-[2009-08-21T16:57:19] ***out***
+[2009-08-24T08:48:30] ***in***
-[2009-08-24T17:30:19] ***out***
+[2009-08-25T09:00:30] ***in***
-[2009-08-25T17:26:07] ***out***
+[2009-08-26T09:00:30] ***in***
-[2009-08-26T17:42:07] ***out***
+[2009-08-27T08:50:03] ***in***
-[2009-08-27T18:46:20] ***out***
+[2009-08-28T07:38:02] ***in***
-[2009-08-28T07:45:14] ***out***
+[2009-08-28T09:15:28] ***in***
-[2009-08-28T18:24:04] ***out***
+[2009-08-31T13:04:58] ***in***
-[2009-08-31T18:57:14] ***out***
+[2009-08-31T22:17:06] ***in***
-[2009-08-31T22:17:08] ***out***
+[2009-09-01T08:27:56] ***in***
-[2009-09-01T12:48:05] ***out***
+[2009-09-01T13:15:56] ***in***
-[2009-09-01T17:27:31] ***out***
+[2009-09-02T08:17:12] ***in***
#[2009-09-02T08:20:41] ***starting***
-[2009-09-02T16:04:56] ***out***
+[2009-09-03T08:18:57] ***in***
-[2009-09-03T13:45:04] ***out***
+[2009-09-03T14:16:12] ***in***
-[2009-09-03T16:06:27] ***out***
+[2009-09-04T08:15:27] ***in***
-[2009-09-04T17:05:07] ***out***
+[2009-09-07T08:13:53] ***in***
#[2009-09-07T09:04:40] ***starting***
#[2009-09-07T09:07:01] ***starting***
-[2009-09-07T17:12:16] ***out***
+[2009-09-08T08:25:57] ***in***
